[ 2016-03-11T08:30:01+08:00 ] ::1 /17xuanke/zpro/
INFO: [ app_init ] --START--
INFO: Run Behavior\BuildLiteBehavior [ RunTime:0.000026s ]
INFO: [ app_init ] --END-- [ RunTime:0.000476s ]
INFO: [ app_begin ] --START--
INFO: Run Behavior\ReadHtmlCacheBehavior [ RunTime:0.000553s ]
INFO: [ app_begin ] --END-- [ RunTime:0.000677s ]
SQL: SHOW COLUMNS FROM `think_course` [ RunTime:0.0079s ]
SQL: SELECT * FROM `think_course`  [ RunTime:0.0004s ]
SQL: SHOW COLUMNS FROM `think_member_course` [ RunTime:0.0070s ]
SQL: SELECT `course_id` FROM `think_member_course` WHERE ( member_id=5 ) LIMIT 1   [ RunTime:0.0003s ]
INFO: [ view_parse ] --START--
INFO: [ template_filter ] --START--
INFO: Run Behavior\ContentReplaceBehavior [ RunTime:0.000088s ]
INFO: [ template_filter ] --END-- [ RunTime:0.000203s ]
INFO: Run Behavior\ParseTemplateBehavior [ RunTime:0.043834s ]
INFO: [ view_parse ] --END-- [ RunTime:0.043972s ]
INFO: [ view_filter ] --START--
INFO: Run Behavior\WriteHtmlCacheBehavior [ RunTime:0.000456s ]
INFO: [ view_filter ] --END-- [ RunTime:0.000612s ]
INFO: [ app_end ] --START--
INFO: Run Behavior\ShowPageTraceBehavior [ RunTime:0.001423s ]
INFO: [ app_end ] --END-- [ RunTime:0.001763s ]

[ 2016-03-11T08:30:07+08:00 ] ::1 /17xuanke/zpro/index.php/Home/Index/unselect/id/58
INFO: [ app_init ] --START--
INFO: Run Behavior\BuildLiteBehavior [ RunTime:0.000026s ]
INFO: [ app_init ] --END-- [ RunTime:0.000416s ]
INFO: [ app_begin ] --START--
INFO: Run Behavior\ReadHtmlCacheBehavior [ RunTime:0.000576s ]
INFO: [ app_begin ] --END-- [ RunTime:0.000688s ]
SQL: SHOW COLUMNS FROM `think_course` [ RunTime:0.0090s ]
SQL: SHOW COLUMNS FROM `think_member_course` [ RunTime:0.0064s ]
SQL: DELETE FROM `think_member_course` WHERE `member_id` = 5 AND `course_id` = 58 [ RunTime:0.0004s ]
SQL: UPDATE `think_course` SET `selected`=selected-1 WHERE ( id=58 ) [ RunTime:0.0458s ]
INFO: [ view_parse ] --START--
INFO: [ template_filter ] --START--
INFO: Run Behavior\ContentReplaceBehavior [ RunTime:0.000110s ]
INFO: [ template_filter ] --END-- [ RunTime:0.000320s ]
INFO: Run Behavior\ParseTemplateBehavior [ RunTime:0.020062s ]
INFO: [ view_parse ] --END-- [ RunTime:0.020234s ]
INFO: [ view_filter ] --START--
INFO: Run Behavior\WriteHtmlCacheBehavior [ RunTime:0.000607s ]
INFO: [ view_filter ] --END-- [ RunTime:0.000770s ]
INFO: [ app_end ] --START--
INFO: Run Behavior\ShowPageTraceBehavior [ RunTime:0.000756s ]
INFO: [ app_end ] --END-- [ RunTime:0.000902s ]

[ 2016-03-11T08:30:08+08:00 ] ::1 /17xuanke/zpro/
INFO: [ app_init ] --START--
INFO: Run Behavior\BuildLiteBehavior [ RunTime:0.000036s ]
INFO: [ app_init ] --END-- [ RunTime:0.000455s ]
INFO: [ app_begin ] --START--
INFO: Run Behavior\ReadHtmlCacheBehavior [ RunTime:0.000948s ]
INFO: [ app_begin ] --END-- [ RunTime:0.001168s ]
SQL: SHOW COLUMNS FROM `think_course` [ RunTime:0.0220s ]
SQL: SELECT * FROM `think_course`  [ RunTime:0.0003s ]
SQL: SHOW COLUMNS FROM `think_member_course` [ RunTime:0.0068s ]
SQL: SELECT `course_id` FROM `think_member_course` WHERE ( member_id=5 ) LIMIT 1   [ RunTime:0.0002s ]
INFO: [ view_parse ] --START--
INFO: [ template_filter ] --START--
INFO: Run Behavior\ContentReplaceBehavior [ RunTime:0.000088s ]
INFO: [ template_filter ] --END-- [ RunTime:0.000202s ]
INFO: Run Behavior\ParseTemplateBehavior [ RunTime:0.014749s ]
INFO: [ view_parse ] --END-- [ RunTime:0.014869s ]
INFO: [ view_filter ] --START--
INFO: Run Behavior\WriteHtmlCacheBehavior [ RunTime:0.000472s ]
INFO: [ view_filter ] --END-- [ RunTime:0.000611s ]
INFO: [ app_end ] --START--
INFO: Run Behavior\ShowPageTraceBehavior [ RunTime:0.000992s ]
INFO: [ app_end ] --END-- [ RunTime:0.001196s ]

[ 2016-03-11T08:30:09+08:00 ] ::1 /17xuanke/zpro/index.php/Home/Index/select/id/58
INFO: [ app_init ] --START--
INFO: Run Behavior\BuildLiteBehavior [ RunTime:0.000092s ]
INFO: [ app_init ] --END-- [ RunTime:0.001234s ]
INFO: [ app_begin ] --START--
INFO: Run Behavior\ReadHtmlCacheBehavior [ RunTime:0.000559s ]
INFO: [ app_begin ] --END-- [ RunTime:0.000670s ]
SQL: SHOW COLUMNS FROM `think_course` [ RunTime:0.0331s ]
SQL: SELECT * FROM `think_course` WHERE `id` = 58 LIMIT 1   [ RunTime:0.0003s ]
SQL: SHOW COLUMNS FROM `think_member` [ RunTime:0.0063s ]
SQL: SELECT `class` FROM `think_member` LIMIT 1   [ RunTime:0.0003s ]
SQL: SELECT `classlimit` FROM `think_course` WHERE `id` = 58 LIMIT 1   [ RunTime:0.0002s ]
SQL: SHOW COLUMNS FROM `think_member_course` [ RunTime:0.0056s ]
SQL: SELECT COUNT(*) AS tp_count FROM `think_member_course` WHERE `class` = '2015级01班' AND `course_id` = 58 LIMIT 1   [ RunTime:0.0007s ]
SQL: SHOW COLUMNS FROM `think_member` [ RunTime:0.0041s ]
SQL: SELECT `class` FROM `think_member` WHERE ( uid=5 ) LIMIT 1   [ RunTime:0.0002s ]

[ 2016-03-11T08:30:55+08:00 ] ::1 /17xuanke/zpro/index.php/Home/Index/select/id/58
INFO: [ app_init ] --START--
INFO: Run Behavior\BuildLiteBehavior [ RunTime:0.000028s ]
INFO: [ app_init ] --END-- [ RunTime:0.000439s ]
INFO: [ app_begin ] --START--
INFO: Run Behavior\ReadHtmlCacheBehavior [ RunTime:0.000763s ]
INFO: [ app_begin ] --END-- [ RunTime:0.000957s ]
SQL: SHOW COLUMNS FROM `think_course` [ RunTime:0.0082s ]
SQL: SELECT * FROM `think_course` WHERE `id` = 58 LIMIT 1   [ RunTime:0.0004s ]
SQL: SHOW COLUMNS FROM `think_member` [ RunTime:0.0063s ]
SQL: SELECT `class` FROM `think_member` LIMIT 1   [ RunTime:0.0003s ]
SQL: SELECT `classlimit` FROM `think_course` WHERE `id` = 58 LIMIT 1   [ RunTime:0.0003s ]
SQL: SHOW COLUMNS FROM `think_member_course` [ RunTime:0.0223s ]
SQL: SELECT COUNT(*) AS tp_count FROM `think_member_course` WHERE `class` = '2015级01班' AND `course_id` = 58 LIMIT 1   [ RunTime:0.0004s ]
SQL: SHOW COLUMNS FROM `think_member` [ RunTime:0.0044s ]
SQL: SELECT `class` FROM `think_member` WHERE ( uid=5 ) LIMIT 1   [ RunTime:0.0003s ]
SQL: SHOW COLUMNS FROM `think_course` [ RunTime:0.0048s ]
SQL: INSERT INTO `think_member_course` (`member_id`,`course_id`,`class`,`select_time`) VALUES ('5','58','2015级01班','2016-03-11 08:30:55') [ RunTime:0.0005s ]
SQL: UPDATE `think_course` SET `selected`=selected+1 WHERE ( id=58 ) [ RunTime:0.0004s ]
INFO: [ view_parse ] --START--
INFO: [ template_filter ] --START--
INFO: Run Behavior\ContentReplaceBehavior [ RunTime:0.000064s ]
INFO: [ template_filter ] --END-- [ RunTime:0.000175s ]
INFO: Run Behavior\ParseTemplateBehavior [ RunTime:0.006304s ]
INFO: [ view_parse ] --END-- [ RunTime:0.006458s ]
INFO: [ view_filter ] --START--
INFO: Run Behavior\WriteHtmlCacheBehavior [ RunTime:0.000693s ]
INFO: [ view_filter ] --END-- [ RunTime:0.000833s ]
INFO: [ app_end ] --START--
INFO: Run Behavior\ShowPageTraceBehavior [ RunTime:0.000735s ]
INFO: [ app_end ] --END-- [ RunTime:0.000845s ]

[ 2016-03-11T08:30:56+08:00 ] ::1 /17xuanke/zpro/index.php/Home/Index/index.html
INFO: [ app_init ] --START--
INFO: Run Behavior\BuildLiteBehavior [ RunTime:0.000024s ]
INFO: [ app_init ] --END-- [ RunTime:0.000375s ]
INFO: [ app_begin ] --START--
INFO: Run Behavior\ReadHtmlCacheBehavior [ RunTime:0.000549s ]
INFO: [ app_begin ] --END-- [ RunTime:0.000684s ]
SQL: SHOW COLUMNS FROM `think_course` [ RunTime:0.0106s ]
SQL: SELECT * FROM `think_course`  [ RunTime:0.0003s ]
SQL: SHOW COLUMNS FROM `think_member_course` [ RunTime:0.0069s ]
SQL: SELECT `course_id` FROM `think_member_course` WHERE ( member_id=5 ) LIMIT 1   [ RunTime:0.0003s ]
INFO: [ view_parse ] --START--
INFO: [ template_filter ] --START--
INFO: Run Behavior\ContentReplaceBehavior [ RunTime:0.000091s ]
INFO: [ template_filter ] --END-- [ RunTime:0.000213s ]
INFO: Run Behavior\ParseTemplateBehavior [ RunTime:0.013353s ]
INFO: [ view_parse ] --END-- [ RunTime:0.013474s ]
INFO: [ view_filter ] --START--
INFO: Run Behavior\WriteHtmlCacheBehavior [ RunTime:0.000797s ]
INFO: [ view_filter ] --END-- [ RunTime:0.001021s ]
INFO: [ app_end ] --START--
INFO: Run Behavior\ShowPageTraceBehavior [ RunTime:0.002252s ]
INFO: [ app_end ] --END-- [ RunTime:0.003723s ]

[ 2016-03-11T08:49:25+08:00 ] ::1 /17xuanke/zpro/index.php/Home/Index/index.html
INFO: [ app_init ] --START--
INFO: Run Behavior\BuildLiteBehavior [ RunTime:0.000043s ]
INFO: [ app_init ] --END-- [ RunTime:0.000652s ]
INFO: [ app_begin ] --START--
INFO: Run Behavior\ReadHtmlCacheBehavior [ RunTime:0.000542s ]
INFO: [ app_begin ] --END-- [ RunTime:0.000660s ]
SQL: SHOW COLUMNS FROM `think_course` [ RunTime:0.0100s ]
SQL: SELECT * FROM `think_course`  [ RunTime:0.0004s ]
SQL: SHOW COLUMNS FROM `think_member_course` [ RunTime:0.0058s ]
SQL: SELECT `course_id` FROM `think_member_course` WHERE ( member_id=5 ) LIMIT 1   [ RunTime:0.0003s ]
INFO: [ view_parse ] --START--
INFO: [ template_filter ] --START--
INFO: Run Behavior\ContentReplaceBehavior [ RunTime:0.000096s ]
INFO: [ template_filter ] --END-- [ RunTime:0.000220s ]
INFO: Run Behavior\ParseTemplateBehavior [ RunTime:0.046087s ]
INFO: [ view_parse ] --END-- [ RunTime:0.046215s ]
INFO: [ view_filter ] --START--
INFO: Run Behavior\WriteHtmlCacheBehavior [ RunTime:0.000398s ]
INFO: [ view_filter ] --END-- [ RunTime:0.000507s ]
INFO: [ app_end ] --START--
INFO: Run Behavior\ShowPageTraceBehavior [ RunTime:0.001478s ]
INFO: [ app_end ] --END-- [ RunTime:0.001758s ]

[ 2016-03-11T08:49:47+08:00 ] ::1 /17xuanke/zpro/index.php/Home/Index/index.html
INFO: [ app_init ] --START--
INFO: Run Behavior\BuildLiteBehavior [ RunTime:0.000025s ]
INFO: [ app_init ] --END-- [ RunTime:0.000374s ]
INFO: [ app_begin ] --START--
INFO: Run Behavior\ReadHtmlCacheBehavior [ RunTime:0.000575s ]
INFO: [ app_begin ] --END-- [ RunTime:0.000726s ]
SQL: SHOW COLUMNS FROM `think_course` [ RunTime:0.0123s ]
SQL: SELECT * FROM `think_course`  [ RunTime:0.0004s ]
SQL: SHOW COLUMNS FROM `think_member_course` [ RunTime:0.0055s ]
SQL: SELECT `course_id` FROM `think_member_course` WHERE ( member_id=5 ) LIMIT 1   [ RunTime:0.0002s ]
INFO: [ view_parse ] --START--
INFO: [ template_filter ] --START--
INFO: Run Behavior\ContentReplaceBehavior [ RunTime:0.000197s ]
INFO: [ template_filter ] --END-- [ RunTime:0.000330s ]
INFO: Run Behavior\ParseTemplateBehavior [ RunTime:0.039736s ]
INFO: [ view_parse ] --END-- [ RunTime:0.039856s ]
INFO: [ view_filter ] --START--
INFO: Run Behavior\WriteHtmlCacheBehavior [ RunTime:0.000376s ]
INFO: [ view_filter ] --END-- [ RunTime:0.000483s ]
INFO: [ app_end ] --START--
INFO: Run Behavior\ShowPageTraceBehavior [ RunTime:0.003173s ]
INFO: [ app_end ] --END-- [ RunTime:0.003409s ]

[ 2016-03-11T08:49:49+08:00 ] ::1 /17xuanke/zpro/index.php/Home/Index/index.html
INFO: [ app_init ] --START--
INFO: Run Behavior\BuildLiteBehavior [ RunTime:0.000027s ]
INFO: [ app_init ] --END-- [ RunTime:0.000396s ]
INFO: [ app_begin ] --START--
INFO: Run Behavior\ReadHtmlCacheBehavior [ RunTime:0.000799s ]
INFO: [ app_begin ] --END-- [ RunTime:0.000987s ]
SQL: SHOW COLUMNS FROM `think_course` [ RunTime:0.0097s ]
SQL: SELECT * FROM `think_course`  [ RunTime:0.0004s ]
SQL: SHOW COLUMNS FROM `think_member_course` [ RunTime:0.0068s ]
SQL: SELECT `course_id` FROM `think_member_course` WHERE ( member_id=5 ) LIMIT 1   [ RunTime:0.0003s ]
INFO: [ view_parse ] --START--
INFO: [ template_filter ] --START--
INFO: Run Behavior\ContentReplaceBehavior [ RunTime:0.000092s ]
INFO: [ template_filter ] --END-- [ RunTime:0.000217s ]
INFO: Run Behavior\ParseTemplateBehavior [ RunTime:0.016786s ]
INFO: [ view_parse ] --END-- [ RunTime:0.016954s ]
INFO: [ view_filter ] --START--
INFO: Run Behavior\WriteHtmlCacheBehavior [ RunTime:0.000394s ]
INFO: [ view_filter ] --END-- [ RunTime:0.000510s ]
INFO: [ app_end ] --START--
INFO: Run Behavior\ShowPageTraceBehavior [ RunTime:0.001366s ]
INFO: [ app_end ] --END-- [ RunTime:0.001577s ]

[ 2016-03-11T08:50:14+08:00 ] ::1 /17xuanke/zpro/index.php/Home/Index/index.html
INFO: [ app_init ] --START--
INFO: Run Behavior\BuildLiteBehavior [ RunTime:0.000024s ]
INFO: [ app_init ] --END-- [ RunTime:0.000400s ]
INFO: [ app_begin ] --START--
INFO: Run Behavior\ReadHtmlCacheBehavior [ RunTime:0.000699s ]
INFO: [ app_begin ] --END-- [ RunTime:0.000824s ]
SQL: SHOW COLUMNS FROM `think_course` [ RunTime:0.0117s ]
SQL: SELECT * FROM `think_course`  [ RunTime:0.0006s ]
SQL: SHOW COLUMNS FROM `think_member_course` [ RunTime:0.0063s ]
SQL: SELECT `course_id` FROM `think_member_course` WHERE ( member_id=5 ) LIMIT 1   [ RunTime:0.0003s ]
INFO: [ view_parse ] --START--
INFO: [ template_filter ] --START--
INFO: Run Behavior\ContentReplaceBehavior [ RunTime:0.000239s ]
INFO: [ template_filter ] --END-- [ RunTime:0.000448s ]
INFO: Run Behavior\ParseTemplateBehavior [ RunTime:0.042707s ]
INFO: [ view_parse ] --END-- [ RunTime:0.042827s ]
INFO: [ view_filter ] --START--
INFO: Run Behavior\WriteHtmlCacheBehavior [ RunTime:0.000429s ]
INFO: [ view_filter ] --END-- [ RunTime:0.000537s ]
INFO: [ app_end ] --START--
INFO: Run Behavior\ShowPageTraceBehavior [ RunTime:0.001288s ]
INFO: [ app_end ] --END-- [ RunTime:0.001784s ]

